Iniciado por uma mudança no SCM
Construindo no workspace C:\Program Files (x86)\Jenkins\workspace\fiap-consumer
 > C:\Program Files\Git\bin\git rev-parse --is-inside-work-tree # timeout=10
Fetching changes from the remote Git repository
 > C:\Program Files\Git\bin\git config remote.origin.url https://github.com/crcarvalho/fiap-consumer.git # timeout=10
Fetching upstream changes from https://github.com/crcarvalho/fiap-consumer.git
 > C:\Program Files\Git\bin\git --version # timeout=10
 > C:\Program Files\Git\bin\git fetch --tags --progress https://github.com/crcarvalho/fiap-consumer.git +refs/heads/*:refs/remotes/origin/*
 > C:\Program Files\Git\bin\git rev-parse "refs/remotes/origin/master^{commit}" # timeout=10
 > C:\Program Files\Git\bin\git rev-parse "refs/remotes/origin/origin/master^{commit}" # timeout=10
Checking out Revision d74e6da7f85fe1bf07d821baf7151ef6078bdaea (refs/remotes/origin/master)
 > C:\Program Files\Git\bin\git config core.sparsecheckout # timeout=10
 > C:\Program Files\Git\bin\git checkout -f d74e6da7f85fe1bf07d821baf7151ef6078bdaea
Commit message: "Commit aplication"
First time build. Skipping changelog.
[fiap-consumer] $ cmd.exe /C '""C:\Program Files\apache-maven-3.5.4\bin\mvn.cmd"' clean project && exit %%ERRORLEVEL%%"
[INFO] Scanning for projects...
[INFO] 
[INFO] -----------< br.com.fiap.scj31.amb:camel-activemq-consumer >------------
[INFO] Building camel-activemq-consumer 0.0.1-SNAPSHOT
[INFO] --------------------------------[ jar ]---------------------------------
[INFO] ------------------------------------------------------------------------
[INFO] BUILD FAILURE
[INFO] ------------------------------------------------------------------------
[INFO] Total time: 0.152 s
[INFO] Finished at: 2018-08-29T19:12:06-03:00
[INFO] ------------------------------------------------------------------------
[8mha:////4L0B1vqCVoiFHl71oRBkVe/KpfegxIHHJsNhobvrZwpEAAAAYB+LCAAAAAAAAP9b85aBtbiIQSmjNKU4P0+vJLE4u1gvPjexLDVPzxdEuhYV5Rf55ZekOlc7RKnPKH7IxMBQUcQgBdWQnJ9XnJ+TqucMoUEKGSCAEaSwAACsNFCqYAAAAA==[0m[ERROR] Unknown lifecycle phase "project". You must specify a valid lifecycle phase or a goal in the format <plugin-prefix>:<goal> or <plugin-group-id>:<plugin-artifact-id>[:<plugin-version>]:<goal>. Available lifecycle phases are: validate, initialize, generate-sources, process-sources, generate-resources, process-resources, compile, process-classes, generate-test-sources, process-test-sources, generate-test-resources, process-test-resources, test-compile, process-test-classes, test, prepare-package, package, pre-integration-test, integration-test, post-integration-test, verify, install, deploy, pre-clean, clean, post-clean, pre-site, site, post-site, site-deploy. -> [Help 1]
[8mha:////4L0B1vqCVoiFHl71oRBkVe/KpfegxIHHJsNhobvrZwpEAAAAYB+LCAAAAAAAAP9b85aBtbiIQSmjNKU4P0+vJLE4u1gvPjexLDVPzxdEuhYV5Rf55ZekOlc7RKnPKH7IxMBQUcQgBdWQnJ9XnJ+TqucMoUEKGSCAEaSwAACsNFCqYAAAAA==[0m[ERROR] 
[8mha:////4L0B1vqCVoiFHl71oRBkVe/KpfegxIHHJsNhobvrZwpEAAAAYB+LCAAAAAAAAP9b85aBtbiIQSmjNKU4P0+vJLE4u1gvPjexLDVPzxdEuhYV5Rf55ZekOlc7RKnPKH7IxMBQUcQgBdWQnJ9XnJ+TqucMoUEKGSCAEaSwAACsNFCqYAAAAA==[0m[ERROR] To see the full stack trace of the errors, re-run Maven with the -e switch.
[8mha:////4L0B1vqCVoiFHl71oRBkVe/KpfegxIHHJsNhobvrZwpEAAAAYB+LCAAAAAAAAP9b85aBtbiIQSmjNKU4P0+vJLE4u1gvPjexLDVPzxdEuhYV5Rf55ZekOlc7RKnPKH7IxMBQUcQgBdWQnJ9XnJ+TqucMoUEKGSCAEaSwAACsNFCqYAAAAA==[0m[ERROR] Re-run Maven using the -X switch to enable full debug logging.
[8mha:////4L0B1vqCVoiFHl71oRBkVe/KpfegxIHHJsNhobvrZwpEAAAAYB+LCAAAAAAAAP9b85aBtbiIQSmjNKU4P0+vJLE4u1gvPjexLDVPzxdEuhYV5Rf55ZekOlc7RKnPKH7IxMBQUcQgBdWQnJ9XnJ+TqucMoUEKGSCAEaSwAACsNFCqYAAAAA==[0m[ERROR] 
[8mha:////4L0B1vqCVoiFHl71oRBkVe/KpfegxIHHJsNhobvrZwpEAAAAYB+LCAAAAAAAAP9b85aBtbiIQSmjNKU4P0+vJLE4u1gvPjexLDVPzxdEuhYV5Rf55ZekOlc7RKnPKH7IxMBQUcQgBdWQnJ9XnJ+TqucMoUEKGSCAEaSwAACsNFCqYAAAAA==[0m[ERROR] For more information about the errors and possible solutions, please read the following articles:
[8mha:////4L0B1vqCVoiFHl71oRBkVe/KpfegxIHHJsNhobvrZwpEAAAAYB+LCAAAAAAAAP9b85aBtbiIQSmjNKU4P0+vJLE4u1gvPjexLDVPzxdEuhYV5Rf55ZekOlc7RKnPKH7IxMBQUcQgBdWQnJ9XnJ+TqucMoUEKGSCAEaSwAACsNFCqYAAAAA==[0m[ERROR] [Help 1] http://cwiki.apache.org/confluence/display/MAVEN/LifecyclePhaseNotFoundException
Build step 'Chamar alvos Maven de alto nível' marked build as failure
Finished: FAILURE
